生成启动时间为 2019-03-25  20:41:45。
     1>项目“F:\c_projects\bTree_ope\bTree_ope\bTree_ope.vcxproj”在节点 2 上(build 个目标)。
     1>InitializeBuildStatus:
         正在创建“Debug\bTree_ope.unsuccessfulbuild”，因为已指定“AlwaysCreate”。
       ClCompile:
         E:\Program Files (x86)\Microsoft Visual Studio 10.0\VC\bin\CL.exe /c /ZI /nologo /W3 /WX- /Od /Oy- /D WIN32 /D _DEBUG /D _CONSOLE /D _UNICODE /D UNICODE /Gm /EHsc /RTC1 /MDd /GS /fp:precise /Zc:wchar_t /Zc:forScope /Fo"Debug\\" /Fd"Debug\vc100.pdb" /Gd /TP /analyze- /errorReport:prompt bTree_ope.cpp
         bTree_ope.cpp
     1>f:\c_projects\btree_ope\btree_ope\btree_ope.cpp(130): warning C4101: “btNodes”: 未引用的局部变量
     1>f:\c_projects\btree_ope\btree_ope\btree_ope.cpp(130): warning C4101: “btLeafCount”: 未引用的局部变量
     1>f:\c_projects\btree_ope\btree_ope\btree_ope.cpp(130): warning C4101: “depth”: 未引用的局部变量
       ManifestResourceCompile:
         所有输出均为最新。
       Link:
         E:\Program Files (x86)\Microsoft Visual Studio 10.0\VC\bin\link.exe /ERRORREPORT:PROMPT /OUT:"F:\c_projects\bTree_ope\Debug\bTree_ope.exe" /INCREMENTAL /NOLOGO kernel32.lib user32.lib gdi32.lib winspool.lib comdlg32.lib advapi32.lib shell32.lib ole32.lib oleaut32.lib uuid.lib odbc32.lib odbccp32.lib /MANIFEST /ManifestFile:"Debug\bTree_ope.exe.intermediate.manifest" /MANIFESTUAC:"level='asInvoker' uiAccess='false'" /DEBUG /PDB:"F:\c_projects\bTree_ope\Debug\bTree_ope.pdb" /SUBSYSTEM:CONSOLE /TLBID:1 /DYNAMICBASE /NXCOMPAT /IMPLIB:"F:\c_projects\bTree_ope\Debug\bTree_ope.lib" /MACHINE:X86 Debug\bTree_ope.exe.embed.manifest.res
         Debug\bTree_ope.obj
       Manifest:
         C:\Program Files (x86)\Microsoft SDKs\Windows\v7.0A\bin\mt.exe /nologo /verbose /out:"Debug\bTree_ope.exe.embed.manifest" /manifest Debug\bTree_ope.exe.intermediate.manifest
         所有输出均为最新。
       LinkEmbedManifest:
         所有输出均为最新。
         bTree_ope.vcxproj -> F:\c_projects\bTree_ope\Debug\bTree_ope.exe
       FinalizeBuildStatus:
         正在删除文件“Debug\bTree_ope.unsuccessfulbuild”。
         正在对“Debug\bTree_ope.lastbuildstate”执行 Touch 任务。
     1>已完成生成项目“F:\c_projects\bTree_ope\bTree_ope\bTree_ope.vcxproj”(build 个目标)的操作。

生成成功。

已用时间 00:00:01.49
